#! /usr/bin/vvp
:ivl_version "12.0 (stable)" "(v12_0-dirty)";
:ivl_delay_selection "TYPICAL";
:vpi_time_precision + 0;
:vpi_module "/usr/lib/ivl/system.vpi";
:vpi_module "/usr/lib/ivl/vhdl_sys.vpi";
:vpi_module "/usr/lib/ivl/vhdl_textio.vpi";
:vpi_module "/usr/lib/ivl/v2005_math.vpi";
:vpi_module "/usr/lib/ivl/va_math.vpi";
S_0x59c63a6a9b60 .scope module, "x3q16alu_tb" "x3q16alu_tb" 2 2;
 .timescale 0 0;
v0x59c63a6ca3e0_0 .var "a", 15 0;
v0x59c63a6ca4c0_0 .var "b", 15 0;
v0x59c63a6ca560_0 .var "clk", 0 0;
v0x59c63a6ca600_0 .net "equal_flag", 0 0, v0x59c63a6c9b80_0;  1 drivers
v0x59c63a6ca6a0_0 .var "errors", 31 0;
v0x59c63a6ca740_0 .var "expected_equal_flag", 0 0;
v0x59c63a6ca800_0 .var "expected_greater_a_flag", 0 0;
v0x59c63a6ca8c0_0 .var "expected_result", 15 0;
v0x59c63a6ca9a0_0 .net "greater_a_flag", 0 0, v0x59c63a6c9c40_0;  1 drivers
v0x59c63a6caa40_0 .var "mode", 2 0;
v0x59c63a6caae0_0 .var "reset", 0 0;
v0x59c63a6cab80_0 .net "result", 15 0, v0x59c63a6ca080_0;  1 drivers
v0x59c63a6cac40 .array "testvectors", 0 52, 7 0;
v0x59c63a6cace0_0 .var "vectornum", 31 0;
E_0x59c63a6a54d0 .event negedge, v0x59c63a6ca560_0;
E_0x59c63a6a5180 .event posedge, v0x59c63a6ca560_0;
S_0x59c63a6a9d10 .scope module, "alu" "x3q16alu" 2 26, 3 1 0, S_0x59c63a6a9b60;
 .timescale 0 0;
    .port_info 0 /INPUT 16 "a";
    .port_info 1 /INPUT 16 "b";
    .port_info 2 /INPUT 3 "mode";
    .port_info 3 /OUTPUT 16 "result";
    .port_info 4 /OUTPUT 1 "equal_flag";
    .port_info 5 /OUTPUT 1 "greater_a_flag";
L_0x59c63a6cae60 .functor NOT 16, v0x59c63a6ca4c0_0, C4<0000000000000000>, C4<0000000000000000>, C4<0000000000000000>;
v0x59c63a66b470_0 .net *"_ivl_14", 8 0, L_0x59c63a6db4e0;  1 drivers
L_0x7d4be2882060 .functor BUFT 1, C4<0>, C4<0>, C4<0>, C4<0>;
v0x59c63a6c9450_0 .net *"_ivl_17", 0 0, L_0x7d4be2882060;  1 drivers
v0x59c63a6c9530_0 .net *"_ivl_18", 8 0, L_0x59c63a6db5f0;  1 drivers
v0x59c63a6c95f0_0 .net *"_ivl_2", 15 0, L_0x59c63a6cae60;  1 drivers
L_0x7d4be28820a8 .functor BUFT 1, C4<0>, C4<0>, C4<0>, C4<0>;
v0x59c63a6c96d0_0 .net *"_ivl_21", 0 0, L_0x7d4be28820a8;  1 drivers
v0x59c63a6c9800_0 .net *"_ivl_4", 15 0, L_0x59c63a6caf70;  1 drivers
L_0x7d4be2882018 .functor BUFT 1, C4<0000000000000001>, C4<0>, C4<0>, C4<0>;
v0x59c63a6c98e0_0 .net/2u *"_ivl_6", 15 0, L_0x7d4be2882018;  1 drivers
v0x59c63a6c99c0_0 .net "a", 15 0, v0x59c63a6ca3e0_0;  1 drivers
v0x59c63a6c9aa0_0 .net "b", 15 0, v0x59c63a6ca4c0_0;  1 drivers
v0x59c63a6c9b80_0 .var "equal_flag", 0 0;
v0x59c63a6c9c40_0 .var "greater_a_flag", 0 0;
v0x59c63a6c9d00_0 .net "mode", 2 0, v0x59c63a6caa40_0;  1 drivers
v0x59c63a6c9de0_0 .net "mult", 8 0, L_0x59c63a6db730;  1 drivers
v0x59c63a6c9ec0_0 .net "mult_a", 7 0, L_0x59c63a6db250;  1 drivers
v0x59c63a6c9fa0_0 .net "mult_b", 7 0, L_0x59c63a6db3b0;  1 drivers
v0x59c63a6ca080_0 .var "result", 15 0;
v0x59c63a6ca160_0 .net "sub", 15 0, L_0x59c63a6db0e0;  1 drivers
v0x59c63a6ca240_0 .net "sum", 15 0, L_0x59c63a6cadc0;  1 drivers
E_0x59c63a68f210/0 .event anyedge, v0x59c63a6c9d00_0, v0x59c63a6ca240_0, v0x59c63a6ca160_0, v0x59c63a6c9de0_0;
E_0x59c63a68f210/1 .event anyedge, v0x59c63a6c99c0_0, v0x59c63a6c9aa0_0;
E_0x59c63a68f210 .event/or E_0x59c63a68f210/0, E_0x59c63a68f210/1;
L_0x59c63a6cadc0 .arith/sum 16, v0x59c63a6ca3e0_0, v0x59c63a6ca4c0_0;
L_0x59c63a6caf70 .arith/sum 16, v0x59c63a6ca3e0_0, L_0x59c63a6cae60;
L_0x59c63a6db0e0 .arith/sum 16, L_0x59c63a6caf70, L_0x7d4be2882018;
L_0x59c63a6db250 .part v0x59c63a6ca3e0_0, 0, 8;
L_0x59c63a6db3b0 .part v0x59c63a6ca4c0_0, 0, 8;
L_0x59c63a6db4e0 .concat [ 8 1 0 0], L_0x59c63a6db250, L_0x7d4be2882060;
L_0x59c63a6db5f0 .concat [ 8 1 0 0], L_0x59c63a6db3b0, L_0x7d4be28820a8;
L_0x59c63a6db730 .arith/mult 9, L_0x59c63a6db4e0, L_0x59c63a6db5f0;
    .scope S_0x59c63a6a9d10;
T_0 ;
    %wait E_0x59c63a68f210;
    %load/vec4 v0x59c63a6c9d00_0;
    %dup/vec4;
    %pushi/vec4 0, 0, 3;
    %cmp/u;
    %jmp/1 T_0.0, 6;
    %dup/vec4;
    %pushi/vec4 1, 0, 3;
    %cmp/u;
    %jmp/1 T_0.1, 6;
    %dup/vec4;
    %pushi/vec4 2, 0, 3;
    %cmp/u;
    %jmp/1 T_0.2, 6;
    %dup/vec4;
    %pushi/vec4 3, 0, 3;
    %cmp/u;
    %jmp/1 T_0.3, 6;
    %dup/vec4;
    %pushi/vec4 4, 0, 3;
    %cmp/u;
    %jmp/1 T_0.4, 6;
    %dup/vec4;
    %pushi/vec4 5, 0, 3;
    %cmp/u;
    %jmp/1 T_0.5, 6;
    %pushi/vec4 0, 0, 16;
    %store/vec4 v0x59c63a6ca080_0, 0, 16;
    %jmp T_0.7;
T_0.0 ;
    %load/vec4 v0x59c63a6ca240_0;
    %store/vec4 v0x59c63a6ca080_0, 0, 16;
    %jmp T_0.7;
T_0.1 ;
    %load/vec4 v0x59c63a6ca160_0;
    %store/vec4 v0x59c63a6ca080_0, 0, 16;
    %jmp T_0.7;
T_0.2 ;
    %pushi/vec4 0, 0, 7;
    %load/vec4 v0x59c63a6c9de0_0;
    %concat/vec4; draw_concat_vec4
    %store/vec4 v0x59c63a6ca080_0, 0, 16;
    %jmp T_0.7;
T_0.3 ;
    %load/vec4 v0x59c63a6c99c0_0;
    %load/vec4 v0x59c63a6c9aa0_0;
    %and;
    %inv;
    %store/vec4 v0x59c63a6ca080_0, 0, 16;
    %jmp T_0.7;
T_0.4 ;
    %load/vec4 v0x59c63a6c99c0_0;
    %ix/load 4, 1, 0;
    %flag_set/imm 4, 0;
    %shiftl 4;
    %store/vec4 v0x59c63a6ca080_0, 0, 16;
    %jmp T_0.7;
T_0.5 ;
    %load/vec4 v0x59c63a6c99c0_0;
    %ix/load 4, 1, 0;
    %flag_set/imm 4, 0;
    %shiftr 4;
    %store/vec4 v0x59c63a6ca080_0, 0, 16;
    %jmp T_0.7;
T_0.7 ;
    %pop/vec4 1;
    %load/vec4 v0x59c63a6ca160_0;
    %pushi/vec4 0, 0, 16;
    %cmp/e;
    %flag_get/vec4 4;
    %store/vec4 v0x59c63a6c9b80_0, 0, 1;
    %load/vec4 v0x59c63a6ca160_0;
    %pushi/vec4 0, 0, 16;
    %cmp/e;
    %flag_get/vec4 4;
    %inv;
    %load/vec4 v0x59c63a6c9aa0_0;
    %parti/s 1, 15, 5;
    %load/vec4 v0x59c63a6c99c0_0;
    %parti/s 1, 15, 5;
    %inv;
    %and;
    %load/vec4 v0x59c63a6c99c0_0;
    %parti/s 1, 15, 5;
    %load/vec4 v0x59c63a6c9aa0_0;
    %parti/s 1, 15, 5;
    %and;
    %load/vec4 v0x59c63a6ca160_0;
    %parti/s 1, 15, 5;
    %inv;
    %and;
    %or;
    %load/vec4 v0x59c63a6c99c0_0;
    %parti/s 1, 15, 5;
    %inv;
    %load/vec4 v0x59c63a6c9aa0_0;
    %parti/s 1, 15, 5;
    %inv;
    %and;
    %load/vec4 v0x59c63a6ca160_0;
    %parti/s 1, 15, 5;
    %and;
    %or;
    %and;
    %store/vec4 v0x59c63a6c9c40_0, 0, 1;
    %jmp T_0;
    .thread T_0, $push;
    .scope S_0x59c63a6a9b60;
T_1 ;
    %pushi/vec4 1, 0, 1;
    %store/vec4 v0x59c63a6ca560_0, 0, 1;
    %delay 5, 0;
    %pushi/vec4 0, 0, 1;
    %store/vec4 v0x59c63a6ca560_0, 0, 1;
    %delay 5, 0;
    %jmp T_1;
    .thread T_1;
    .scope S_0x59c63a6a9b60;
T_2 ;
    %vpi_call 2 43 "$readmemb", "x3q16alu_tb.tv", v0x59c63a6cac40 {0 0 0};
    %pushi/vec4 0, 0, 32;
    %store/vec4 v0x59c63a6cace0_0, 0, 32;
    %pushi/vec4 0, 0, 32;
    %store/vec4 v0x59c63a6ca6a0_0, 0, 32;
    %pushi/vec4 1, 0, 1;
    %store/vec4 v0x59c63a6caae0_0, 0, 1;
    %delay 27, 0;
    %pushi/vec4 0, 0, 1;
    %store/vec4 v0x59c63a6caae0_0, 0, 1;
    %end;
    .thread T_2;
    .scope S_0x59c63a6a9b60;
T_3 ;
    %wait E_0x59c63a6a5180;
    %delay 1, 0;
    %ix/getv 4, v0x59c63a6cace0_0;
    %load/vec4a v0x59c63a6cac40, 4;
    %pad/u 53;
    %split/vec4 1;
    %store/vec4 v0x59c63a6ca800_0, 0, 1;
    %split/vec4 1;
    %store/vec4 v0x59c63a6ca740_0, 0, 1;
    %split/vec4 16;
    %store/vec4 v0x59c63a6ca8c0_0, 0, 16;
    %split/vec4 3;
    %store/vec4 v0x59c63a6caa40_0, 0, 3;
    %split/vec4 16;
    %store/vec4 v0x59c63a6ca4c0_0, 0, 16;
    %store/vec4 v0x59c63a6ca3e0_0, 0, 16;
    %jmp T_3;
    .thread T_3;
    .scope S_0x59c63a6a9b60;
T_4 ;
    %wait E_0x59c63a6a54d0;
    %load/vec4 v0x59c63a6caae0_0;
    %inv;
    %flag_set/vec4 8;
    %jmp/0xz  T_4.0, 8;
    %load/vec4 v0x59c63a6cab80_0;
    %load/vec4 v0x59c63a6ca8c0_0;
    %cmp/ne;
    %jmp/1 T_4.5, 6;
    %flag_mov 8, 6;
    %load/vec4 v0x59c63a6ca600_0;
    %load/vec4 v0x59c63a6ca740_0;
    %cmp/ne;
    %flag_or 6, 8;
T_4.5;
    %jmp/1 T_4.4, 6;
    %flag_mov 8, 6;
    %load/vec4 v0x59c63a6ca9a0_0;
    %load/vec4 v0x59c63a6ca800_0;
    %cmp/ne;
    %flag_or 6, 8;
T_4.4;
    %jmp/0xz  T_4.2, 6;
    %vpi_call 2 72 "$display", "Error: Inputs: a = %b, b = %b, mode = %b", v0x59c63a6ca3e0_0, v0x59c63a6ca4c0_0, v0x59c63a6caa40_0 {0 0 0};
    %vpi_call 2 73 "$display", "\011 Outputs: result = %b, ef = %b, gf = %b", v0x59c63a6cab80_0, v0x59c63a6ca600_0, v0x59c63a6ca9a0_0 {0 0 0};
    %load/vec4 v0x59c63a6ca6a0_0;
    %addi 1, 0, 32;
    %store/vec4 v0x59c63a6ca6a0_0, 0, 32;
T_4.2 ;
    %load/vec4 v0x59c63a6cace0_0;
    %addi 1, 0, 32;
    %store/vec4 v0x59c63a6cace0_0, 0, 32;
    %load/vec4 v0x59c63a6cace0_0;
    %cmpi/e 1, 0, 32;
    %jmp/0xz  T_4.6, 6;
    %vpi_call 2 79 "$display", "%d tests completed with %d errors", v0x59c63a6cace0_0, v0x59c63a6ca6a0_0 {0 0 0};
    %vpi_call 2 80 "$finish" {0 0 0};
T_4.6 ;
T_4.0 ;
    %jmp T_4;
    .thread T_4;
# The file index is used to find the file name in the following table.
:file_names 4;
    "N/A";
    "<interactive>";
    "x3q16alu_tb.v";
    "./x3q16alu.v";
